Build started 5/29/2015 11:40:25 AM.
     1>Project "C:\cygwin\home\Luke\CSS487\Project4\css487Project4\code\example\example\example.vcxproj" on node 2 (Build target(s)).
     1>ClCompile:
         C:\Program Files (x86)\Microsoft Visual Studio 14.0\VC\bin\CL.exe /c /IC:\opencv\build\include /ZI /nologo /W3 /WX- /sdl /Od /Oy- /D _MBCS /Gm /EHsc /RTC1 /MDd /GS /fp:precise /Zc:wchar_t /Zc:forScope /Zc:inline /Fo"Debug\\" /Fd"Debug\vc140.pdb" /Gd /TP /analyze- /errorReport:prompt ..\DescriptorUtil.cpp ..\NewDescriptorExtractor.cpp ..\main.cpp
         main.cpp
     1>c:\cygwin\home\luke\css487\project4\css487project4\code\example\descriptorutil.h(12): fatal error C1083: Cannot open include file: 'opencv2/opencv.hpp': No such file or directory
         NewDescriptorExtractor.cpp
     1>c:\cygwin\home\luke\css487\project4\css487project4\code\example\newdescriptorextractor.h(46): fatal error C1083: Cannot open include file: 'opencv2/features2d/features2d.hpp': No such file or directory
         DescriptorUtil.cpp
     1>c:\cygwin\home\luke\css487\project4\css487project4\code\example\descriptorutil.h(12): fatal error C1083: Cannot open include file: 'opencv2/opencv.hpp': No such file or directory
         Generating Code...
     1>Done Building Project "C:\cygwin\home\Luke\CSS487\Project4\css487Project4\code\example\example\example.vcxproj" (Build target(s)) -- FAILED.

Build FAILED.

Time Elapsed 00:00:02.08
